<?xml version="1.0" encoding="UTF-8"?>
<testsuite xmlns:xsi="http://www.w3.org/2001/XMLSchema-instance" xsi:noNamespaceSchemaLocation="https://maven.apache.org/surefire/maven-surefire-plugin/xsd/surefire-test-report.xsd" name="WeatherDescriberUnitTests.WeatherDescriberUnitTests" time="0.722" tests="6" errors="0" skipped="0" failures="0">
  <properties>
[...]
</properties>
  <testcase name="WeatherDescriber_ShouldGrabJacket_WhenTempIsNeg1" classname="WeatherDescriberUnitTests.WeatherDescriberUnitTests" time="0.693"/>
  <testcase name="WeatherDescriber_ShouldSHEESH_WhenTempIsNeg60" classname="WeatherDescriberUnitTests.WeatherDescriberUnitTests" time="0"/>
  <testcase name="WeatherDescriber_ShouldHaveNoOpinion_WhenTempIs30" classname="WeatherDescriberUnitTests.WeatherDescriberUnitTests" time="0.001"/>
  <testcase name="WeatherDescriber_ShouldRespondWithError_WhenAPIRaisesError" classname="WeatherDescriberUnitTests.WeatherDescriberUnitTests" time="0.004"/>
  <testcase name="WeatherDescriber_ShouldBeHot_WhenTempIs33" classname="WeatherDescriberUnitTests.WeatherDescriberUnitTests" time="0.001"/>
  <testcase name="WeatherDescriber_ShouldCallAPI_Always" classname="WeatherDescriberUnitTests.WeatherDescriberUnitTests" time="0.01"/>
</testsuite>